------- FILE helloworld3.asm LEVEL 1 PASS 2
      1  10000 ????
      2  10000 ????				       processor	6502
------- FILE vcs.h LEVEL 2 PASS 2
      0  10000 ????				       include	"vcs.h"
      1  10000 ????						; VCS.H
      2  10000 ????						; Version 1.05, 13/November/2003
      3  10000 ????
      4  10000 ????		00 69	    VERSION_VCS =	105
      5  10000 ????
      6  10000 ????						; THIS IS A PRELIMINARY RELEASE OF *THE* "STANDARD" VCS.H
      7  10000 ????						; THIS FILE IS EXPLICITLY SUPPORTED AS A DASM-PREFERRED COMPANION FILE
      8  10000 ????						; PLEASE DO *NOT* REDISTRIBUTE THIS FILE!
      9  10000 ????						;
     10  10000 ????						; This file defines hardware registers and memory mapping for the
     11  10000 ????						; Atari 2600. It is distributed as a companion machine-specific support package
     12  10000 ????						; for the DASM compiler. Updates to this file, DASM, and associated tools are
     13  10000 ????						; available at at http://www.atari2600.org/dasm
     14  10000 ????						;
     15  10000 ????						; Many thanks to the original author(s) of this file, and to everyone who has
     16  10000 ????						; contributed to understanding the Atari 2600.  If you take issue with the
     17  10000 ????						; contents, or naming of registers, please write to me (atari2600@taswegian.com)
     18  10000 ????						; with your views.  Please contribute, if you think you can improve this
     19  10000 ????						; file!
     20  10000 ????						;
     21  10000 ????						; Latest Revisions...
     22  10000 ????						; 1.05  13/NOV/2003	  - Correction to 1.04 - now functions as requested by MR.
     23  10000 ????						;			  - Added VERSION_VCS equate (which will reflect 100x version #)
     24  10000 ????						;			    This will allow conditional code to verify VCS.H being
     25  10000 ????						;			    used for code assembly.
     26  10000 ????						; 1.04  12/NOV/2003	 Added TIA_BASE_WRITE_ADDRESS and TIA_BASE_READ_ADDRESS for
     27  10000 ????						;			 convenient disassembly/reassembly compatibility for hardware
     28  10000 ????						;			 mirrored reading/writing differences.	This is more a 
     29  10000 ????						;			 readability issue, and binary compatibility with disassembled
     30  10000 ????						;			 and reassembled sources.  Per Manuel Rotschkar's suggestion.
     31  10000 ????						; 1.03  12/MAY/2003	 Added SEG segment at end of file to fix old-code compatibility
     32  10000 ????						;			 which was broken by the use of segments in this file, as
     33  10000 ????						;			 reported by Manuel Polik on [stella] 11/MAY/2003
     34  10000 ????						; 1.02  22/MAR/2003	 Added TIMINT($285)
     35  10000 ????						; 1.01				Constant offset added to allow use for 3F-style bankswitching
     36  10000 ????						;						 - define TIA_BASE_ADDRESS as $40 for Tigervision carts, otherwise
     37  10000 ????						;						   it is safe to leave it undefined, and the base address will
     38  10000 ????						;						   be set to 0.  Thanks to Eckhard Stolberg for the suggestion.
     39  10000 ????						;			    Note, may use -DLABEL=EXPRESSION to define TIA_BASE_ADDRESS
     40  10000 ????						;			  - register definitions are now generated through assignment
     41  10000 ????						;			    in uninitialised segments.	This allows a changeable base
     42  10000 ????						;			    address architecture.
     43  10000 ????						; 1.0	22/MAR/2003		Initial release
     44  10000 ????
     45  10000 ????
     46  10000 ????						;-------------------------------------------------------------------------------
     47  10000 ????
     48  10000 ????						; TIA_BASE_ADDRESS
     49  10000 ????						; The TIA_BASE_ADDRESS defines the base address of access to TIA registers.
     50  10000 ????						; Normally 0, the base address should (externally, before including this file)
     51  10000 ????						; be set to $40 when creating 3F-bankswitched (and other?) cartridges.
     52  10000 ????						; The reason is that this bankswitching scheme treats any access to locations
     53  10000 ????						; < $40 as a bankswitch.
     54  10000 ????
     55  10000 ????			   -	       IFNCONST	TIA_BASE_ADDRESS
     56  10000 ????			   -TIA_BASE_ADDRESS =	0
     57  10000 ????				       ENDIF
     58  10000 ????
     59  10000 ????						; Note: The address may be defined on the command-line using the -D switch, eg:
     60  10000 ????						; dasm.exe code.asm -DTIA_BASE_ADDRESS=$40 -f3 -v5 -ocode.bin
     61  10000 ????						; *OR* by declaring the label before including this file, eg:
     62  10000 ????						; TIA_BASE_ADDRESS = $40
     63  10000 ????						;   include "vcs.h"
     64  10000 ????
     65  10000 ????						; Alternate read/write address capability - allows for some disassembly compatibility
     66  10000 ????						; usage ; to allow reassembly to binary perfect copies).  This is essentially catering
     67  10000 ????						; for the mirrored ROM hardware registers.
     68  10000 ????
     69  10000 ????						; Usage: As per above, define the TIA_BASE_READ_ADDRESS and/or TIA_BASE_WRITE_ADDRESS
     70  10000 ????						; using the -D command-line switch, as required.  If the addresses are not defined, 
     71  10000 ????						; they defaut to the TIA_BASE_ADDRESS.
     72  10000 ????
     73  10000 ????			   -	       IFNCONST	TIA_BASE_READ_ADDRESS
     74  10000 ????			   -TIA_BASE_READ_ADDRESS =	TIA_BASE_ADDRESS
     75  10000 ????				       ENDIF
     76  10000 ????
     77  10000 ????			   -	       IFNCONST	TIA_BASE_WRITE_ADDRESS
     78  10000 ????			   -TIA_BASE_WRITE_ADDRESS =	TIA_BASE_ADDRESS
     79  10000 ????				       ENDIF
     80  10000 ????
     81  10000 ????						;-------------------------------------------------------------------------------
     82  10000 ????
     83 U002d ????				      SEG.U	TIA_REGISTERS_WRITE
     84 U0000					      ORG	TIA_BASE_WRITE_ADDRESS
     85 U0000
     86 U0000							; DO NOT CHANGE THE RELATIVE ORDERING OF REGISTERS!
     87 U0000
     88 U0000		       00	   VSYNC      ds	1	; $00	 0000 00x0   Vertical Sync Set-Clear
     89 U0001		       00	   VBLANK     ds	1	; $01	 xx00 00x0   Vertical Blank Set-Clear
     90 U0002		       00	   WSYNC      ds	1	; $02	 ---- ----   Wait for Horizontal Blank
     91 U0003		       00	   RSYNC      ds	1	; $03	 ---- ----   Reset Horizontal Sync Counter
     92 U0004		       00	   NUSIZ0     ds	1	; $04	 00xx 0xxx   Number-Size player/missle 0
     93 U0005		       00	   NUSIZ1     ds	1	; $05	 00xx 0xxx   Number-Size player/missle 1
     94 U0006		       00	   COLUP0     ds	1	; $06	 xxxx xxx0   Color-Luminance Player 0
     95 U0007		       00	   COLUP1     ds	1	; $07	 xxxx xxx0   Color-Luminance Player 1
     96 U0008		       00	   COLUPF     ds	1	; $08	 xxxx xxx0   Color-Luminance Playfield
     97 U0009		       00	   COLUBK     ds	1	; $09	 xxxx xxx0   Color-Luminance Background
     98 U000a		       00	   CTRLPF     ds	1	; $0A	 00xx 0xxx   Control Playfield, Ball, Collisions
     99 U000b		       00	   REFP0      ds	1	; $0B	 0000 x000   Reflection Player 0
    100 U000c		       00	   REFP1      ds	1	; $0C	 0000 x000   Reflection Player 1
    101 U000d		       00	   PF0	      ds	1	; $0D	 xxxx 0000   Playfield Register Byte 0
    102 U000e		       00	   PF1	      ds	1	; $0E	 xxxx xxxx   Playfield Register Byte 1
    103 U000f		       00	   PF2	      ds	1	; $0F	 xxxx xxxx   Playfield Register Byte 2
    104 U0010		       00	   RESP0      ds	1	; $10	 ---- ----   Reset Player 0
    105 U0011		       00	   RESP1      ds	1	; $11	 ---- ----   Reset Player 1
    106 U0012		       00	   RESM0      ds	1	; $12	 ---- ----   Reset Missle 0
    107 U0013		       00	   RESM1      ds	1	; $13	 ---- ----   Reset Missle 1
    108 U0014		       00	   RESBL      ds	1	; $14	 ---- ----   Reset Ball
    109 U0015		       00	   AUDC0      ds	1	; $15	 0000 xxxx   Audio Control 0
    110 U0016		       00	   AUDC1      ds	1	; $16	 0000 xxxx   Audio Control 1
    111 U0017		       00	   AUDF0      ds	1	; $17	 000x xxxx   Audio Frequency 0
    112 U0018		       00	   AUDF1      ds	1	; $18	 000x xxxx   Audio Frequency 1
    113 U0019		       00	   AUDV0      ds	1	; $19	 0000 xxxx   Audio Volume 0
    114 U001a		       00	   AUDV1      ds	1	; $1A	 0000 xxxx   Audio Volume 1
    115 U001b		       00	   GRP0       ds	1	; $1B	 xxxx xxxx   Graphics Register Player 0
    116 U001c		       00	   GRP1       ds	1	; $1C	 xxxx xxxx   Graphics Register Player 1
    117 U001d		       00	   ENAM0      ds	1	; $1D	 0000 00x0   Graphics Enable Missle 0
    118 U001e		       00	   ENAM1      ds	1	; $1E	 0000 00x0   Graphics Enable Missle 1
    119 U001f		       00	   ENABL      ds	1	; $1F	 0000 00x0   Graphics Enable Ball
    120 U0020		       00	   HMP0       ds	1	; $20	 xxxx 0000   Horizontal Motion Player 0
    121 U0021		       00	   HMP1       ds	1	; $21	 xxxx 0000   Horizontal Motion Player 1
    122 U0022		       00	   HMM0       ds	1	; $22	 xxxx 0000   Horizontal Motion Missle 0
    123 U0023		       00	   HMM1       ds	1	; $23	 xxxx 0000   Horizontal Motion Missle 1
    124 U0024		       00	   HMBL       ds	1	; $24	 xxxx 0000   Horizontal Motion Ball
    125 U0025		       00	   VDELP0     ds	1	; $25	 0000 000x   Vertical Delay Player 0
    126 U0026		       00	   VDELP1     ds	1	; $26	 0000 000x   Vertical Delay Player 1
    127 U0027		       00	   VDELBL     ds	1	; $27	 0000 000x   Vertical Delay Ball
    128 U0028		       00	   RESMP0     ds	1	; $28	 0000 00x0   Reset Missle 0 to Player 0
    129 U0029		       00	   RESMP1     ds	1	; $29	 0000 00x0   Reset Missle 1 to Player 1
    130 U002a		       00	   HMOVE      ds	1	; $2A	 ---- ----   Apply Horizontal Motion
    131 U002b		       00	   HMCLR      ds	1	; $2B	 ---- ----   Clear Horizontal Move Registers
    132 U002c		       00	   CXCLR      ds	1	; $2C	 ---- ----   Clear Collision Latches
    133 U002d
    134 U002d							;-------------------------------------------------------------------------------
    135 U002d
    136 U000e ????				      SEG.U	TIA_REGISTERS_READ
    137 U0000					      ORG	TIA_BASE_READ_ADDRESS
    138 U0000
    139 U0000							;											bit 7	 bit 6
    140 U0000		       00	   CXM0P      ds	1	; $00	     xx00 0000	     Read Collision  M0-P1   M0-P0
    141 U0001		       00	   CXM1P      ds	1	; $01	     xx00 0000			     M1-P0   M1-P1
    142 U0002		       00	   CXP0FB     ds	1	; $02	     xx00 0000			     P0-PF   P0-BL
    143 U0003		       00	   CXP1FB     ds	1	; $03	     xx00 0000			     P1-PF   P1-BL
    144 U0004		       00	   CXM0FB     ds	1	; $04	     xx00 0000			     M0-PF   M0-BL
    145 U0005		       00	   CXM1FB     ds	1	; $05	     xx00 0000			     M1-PF   M1-BL
    146 U0006		       00	   CXBLPF     ds	1	; $06	     x000 0000			     BL-PF   -----
    147 U0007		       00	   CXPPMM     ds	1	; $07	     xx00 0000			     P0-P1   M0-M1
    148 U0008		       00	   INPT0      ds	1	; $08	     x000 0000	     Read Pot Port 0
    149 U0009		       00	   INPT1      ds	1	; $09	     x000 0000	     Read Pot Port 1
    150 U000a		       00	   INPT2      ds	1	; $0A	     x000 0000	     Read Pot Port 2
    151 U000b		       00	   INPT3      ds	1	; $0B	     x000 0000	     Read Pot Port 3
    152 U000c		       00	   INPT4      ds	1	; $0C		x000 0000	 Read Input (Trigger) 0
    153 U000d		       00	   INPT5      ds	1	; $0D		x000 0000	 Read Input (Trigger) 1
    154 U000e
    155 U000e							;-------------------------------------------------------------------------------
    156 U000e
    157 U0298 ????				      SEG.U	RIOT
    158 U0280					      ORG	$280
    159 U0280
    160 U0280							; RIOT MEMORY MAP
    161 U0280
    162 U0280		       00	   SWCHA      ds	1	; $280      Port A data register for joysticks:
    163 U0281							;			Bits 4-7 for player 1.  Bits 0-3 for player 2.
    164 U0281
    165 U0281		       00	   SWACNT     ds	1	; $281      Port A data direction register (DDR)
    166 U0282		       00	   SWCHB      ds	1	; $282		Port B data (console switches)
    167 U0283		       00	   SWBCNT     ds	1	; $283      Port B DDR
    168 U0284		       00	   INTIM      ds	1	; $284		Timer output
    169 U0285
    170 U0285		       00	   TIMINT     ds	1	; $285
    171 U0286
    172 U0286							; Unused/undefined registers ($285-$294)
    173 U0286
    174 U0286		       00		      ds	1	; $286
    175 U0287		       00		      ds	1	; $287
    176 U0288		       00		      ds	1	; $288
    177 U0289		       00		      ds	1	; $289
    178 U028a		       00		      ds	1	; $28A
    179 U028b		       00		      ds	1	; $28B
    180 U028c		       00		      ds	1	; $28C
    181 U028d		       00		      ds	1	; $28D
    182 U028e		       00		      ds	1	; $28E
    183 U028f		       00		      ds	1	; $28F
    184 U0290		       00		      ds	1	; $290
    185 U0291		       00		      ds	1	; $291
    186 U0292		       00		      ds	1	; $292
    187 U0293		       00		      ds	1	; $293
    188 U0294
    189 U0294		       00	   TIM1T      ds	1	; $294		set 1 clock interval
    190 U0295		       00	   TIM8T      ds	1	; $295      set 8 clock interval
    191 U0296		       00	   TIM64T     ds	1	; $296      set 64 clock interval
    192 U0297		       00	   T1024T     ds	1	; $297      set 1024 clock interval
    193 U0298
    194 U0298							;-------------------------------------------------------------------------------
    195 U0298							; The following required for back-compatibility with code which does not use
    196 U0298							; segments.
    197 U0298
    198  0000 ????				      SEG
    199  0000 ????
    200  0000 ????						; EOF
------- FILE helloworld3.asm
------- FILE macro.h LEVEL 2 PASS 2
      0  0000 ????				      include	"macro.h"
      1  0000 ????						; MACRO.H
      2  0000 ????						; Version 1.06, 3/SEPTEMBER/2004
      3  0000 ????
      4  0000 ????	       00 6a	   VERSION_MACRO =	106
      5  0000 ????
      6  0000 ????						;
      7  0000 ????						; THIS FILE IS EXPLICITLY SUPPORTED AS A DASM-PREFERRED COMPANION FILE
      8  0000 ????						; PLEASE DO *NOT* REDISTRIBUTE MODIFIED VERSIONS OF THIS FILE!
      9  0000 ????						;
     10  0000 ????						; This file defines DASM macros useful for development for the Atari 2600.
     11  0000 ????						; It is distributed as a companion machine-specific support package
     12  0000 ????						; for the DASM compiler. Updates to this file, DASM, and associated tools are
     13  0000 ????						; available at at http://www.atari2600.org/dasm
     14  0000 ????						;
     15  0000 ????						; Many thanks to the people who have contributed.  If you take issue with the
     16  0000 ????						; contents, or would like to add something, please write to me
     17  0000 ????						; (atari2600@taswegian.com) with your contribution.
     18  0000 ????						;
     19  0000 ????						; Latest Revisions...
     20  0000 ????						;
     21  0000 ????						; 1.06  03/SEP/2004	 - nice revision of VERTICAL_BLANK (Edwin Blink)
     22  0000 ????						; 1.05  14/NOV/2003	 - Added VERSION_MACRO equate (which will reflect 100x version #)
     23  0000 ????						;			   This will allow conditional code to verify MACRO.H being
     24  0000 ????						;			   used for code assembly.
     25  0000 ????						; 1.04  13/NOV/2003	 - SET_POINTER macro added (16-bit address load)
     26  0000 ????						;
     27  0000 ????						; 1.03  23/JUN/2003	 - CLEAN_START macro added - clears TIA, RAM, registers
     28  0000 ????						;
     29  0000 ????						; 1.02  14/JUN/2003	 - VERTICAL_SYNC macro added
     30  0000 ????						;			   (standardised macro for vertical synch code)
     31  0000 ????						; 1.01  22/MAR/2003	 - SLEEP macro added. 
     32  0000 ????						;			 - NO_ILLEGAL_OPCODES switch implemented
     33  0000 ????						; 1.0	22/MAR/2003		Initial release
     34  0000 ????
     35  0000 ????						; Note: These macros use illegal opcodes.  To disable illegal opcode usage, 
     36  0000 ????						;   define the symbol NO_ILLEGAL_OPCODES (-DNO_ILLEGAL_OPCODES=1 on command-line).
     37  0000 ????						;   If you do not allow illegal opcode usage, you must include this file 
     38  0000 ????						;   *after* including VCS.H (as the non-illegal opcodes access hardware
     39  0000 ????						;   registers and require them to be defined first).
     40  0000 ????
     41  0000 ????						; Available macros...
     42  0000 ????						;   SLEEP n		 - sleep for n cycles
     43  0000 ????						;   VERTICAL_SYNC	 - correct 3 scanline vertical synch code
     44  0000 ????						;   CLEAN_START	 - set machine to known state on startup
     45  0000 ????						;   SET_POINTER	 - load a 16-bit absolute to a 16-bit variable
     46  0000 ????
     47  0000 ????						;-------------------------------------------------------------------------------
     48  0000 ????						; SLEEP duration
     49  0000 ????						; Original author: Thomas Jentzsch
     50  0000 ????						; Inserts code which takes the specified number of cycles to execute.	This is
     51  0000 ????						; useful for code where precise timing is required.
     52  0000 ????						; ILLEGAL-OPCODE VERSION DOES NOT AFFECT FLAGS OR REGISTERS.
     53  0000 ????						; LEGAL OPCODE VERSION MAY AFFECT FLAGS
     54  0000 ????						; Uses illegal opcode (DASM 2.20.01 onwards).
     55  0000 ????
     56  0000 ????				      MAC	sleep
     57  0000 ????			   .CYCLES    SET	{1}
     58  0000 ????
     59  0000 ????				      IF	.CYCLES < 2
     60  0000 ????				      ECHO	"MACRO ERROR: 'SLEEP': Duration must be > 1"
     61  0000 ????				      ERR
     62  0000 ????				      ENDIF
     63  0000 ????
     64  0000 ????				      IF	.CYCLES & 1
     65  0000 ????				      IFNCONST	NO_ILLEGAL_OPCODES
     66  0000 ????				      nop	0
     67  0000 ????				      ELSE
     68  0000 ????				      bit	VSYNC
     69  0000 ????				      ENDIF
     70  0000 ????			   .CYCLES    SET	.CYCLES - 3
     71  0000 ????				      ENDIF
     72  0000 ????
     73  0000 ????				      REPEAT	.CYCLES / 2
     74  0000 ????				      nop
     75  0000 ????				      REPEND
     76  0000 ????				      ENDM		;usage: SLEEP n (n>1)
     77  0000 ????
     78  0000 ????						;-------------------------------------------------------------------------------
     79  0000 ????						; VERTICAL_SYNC
     80  0000 ????						; revised version by Edwin Blink -- saves bytes!
     81  0000 ????						; Inserts the code required for a proper 3 scanline vertical sync sequence
     82  0000 ????						; Note: Alters the accumulator
     83  0000 ????
     84  0000 ????						; OUT: A = 0
     85  0000 ????
     86  0000 ????				      MAC	vertical_sync
     87  0000 ????				      lda	#%1110	; each '1' bits generate a VSYNC ON line (bits 1..3)
     88  0000 ????			   .VSLP1     sta	WSYNC	; 1st '0' bit resets Vsync, 2nd '0' bit exit loop
     89  0000 ????				      sta	VSYNC
     90  0000 ????				      lsr
     91  0000 ????				      bne	.VSLP1	; branch until VYSNC has been reset
     92  0000 ????				      ENDM
     93  0000 ????
     94  0000 ????						;-------------------------------------------------------------------------------
     95  0000 ????						; CLEAN_START
     96  0000 ????						; Original author: Andrew Davie
     97  0000 ????						; Standardised start-up code, clears stack, all TIA registers and RAM to 0
     98  0000 ????						; Sets stack pointer to $FF, and all registers to 0
     99  0000 ????						; Sets decimal mode off, sets interrupt flag (kind of un-necessary)
    100  0000 ????						; Use as very first section of code on boot (ie: at reset)
    101  0000 ????						; Code written to minimise total ROM usage - uses weird 6502 knowledge :)
    102  0000 ????
    103  0000 ????				      MAC	clean_start
    104  0000 ????				      sei
    105  0000 ????				      cld
    106  0000 ????
    107  0000 ????				      ldx	#0
    108  0000 ????				      txa
    109  0000 ????				      tay
    110  0000 ????			   .CLEAR_STACK dex
    111  0000 ????				      txs
    112  0000 ????				      pha
    113  0000 ????				      bne	.CLEAR_STACK	; SP=$FF, X = A = Y = 0
    114  0000 ????
    115  0000 ????				      ENDM
    116  0000 ????
    117  0000 ????						;-------------------------------------------------------
    118  0000 ????						; SET_POINTER
    119  0000 ????						; Original author: Manuel Rotschkar
    120  0000 ????						;
    121  0000 ????						; Sets a 2 byte RAM pointer to an absolute address.
    122  0000 ????						;
    123  0000 ????						; Usage: SET_POINTER pointer, address
    124  0000 ????						; Example: SET_POINTER SpritePTR, SpriteData
    125  0000 ????						;
    126  0000 ????						; Note: Alters the accumulator, NZ flags
    127  0000 ????						; IN 1: 2 byte RAM location reserved for pointer
    128  0000 ????						; IN 2: absolute address
    129  0000 ????
    130  0000 ????				      MAC	set_pointer
    131  0000 ????			   .POINTER   SET	{1}
    132  0000 ????			   .ADDRESS   SET	{2}
    133  0000 ????
    134  0000 ????				      LDA	#<.ADDRESS	; Get Lowbyte of Address
    135  0000 ????				      STA	.POINTER	; Store in pointer
    136  0000 ????				      LDA	#>.ADDRESS	; Get Hibyte of Address
    137  0000 ????				      STA	.POINTER+1	; Store in pointer+1
    138  0000 ????
    139  0000 ????				      ENDM
    140  0000 ????
    141  0000 ????						;-------------------------------------------------------
    142  0000 ????						; BOUNDARY byte#
    143  0000 ????						; Original author: Denis Debro (borrowed from Bob Smith / Thomas)
    144  0000 ????						;
    145  0000 ????						; Push data to a certain position inside a page and keep count of how
    146  0000 ????						; many free bytes the programmer will have.
    147  0000 ????						;
    148  0000 ????						; eg: BOUNDARY 5    ; position at byte #5 in page
    149  0000 ????
    150  0000 ????			   .FREE_BYTES SET	0
    151  0000 ????				      MAC	boundary
    152  0000 ????				      REPEAT	256
    153  0000 ????				      IF	<. % {1} = 0
    154  0000 ????				      MEXIT
    155  0000 ????				      ELSE
    156  0000 ????			   .FREE_BYTES SET	.FREE_BYTES + 1
    157  0000 ????				      .byte	$00
    158  0000 ????				      ENDIF
    159  0000 ????				      REPEND
    160  0000 ????				      ENDM
    161  0000 ????
    162  0000 ????						;-------------------------------------------------------
    163  0000 ????						; SKIP_SCANLINES #lines
    164  0000 ????						;
    165  0000 ????						; Skip a given # of scanlines.
    166  0000 ????						; Sets the X register to zero.
    167  0000 ????
    168  0000 ????				      MAC	skip_scanlines
    169  0000 ????			   .LINES     SET	{1}
    170  0000 ????				      ldx	#.LINES
    171  0000 ????			   .vblank    sta	WSYNC
    172  0000 ????				      dex
    173  0000 ????				      bne	.vblank
    174  0000 ????				      ENDM
    175  0000 ????
    176  0000 ????						; EOF
------- FILE helloworld3.asm
------- FILE xmacro.h LEVEL 2 PASS 2
      0  0000 ????				      include	"xmacro.h"
      1  0000 ????
      2  0000 ????						;-------------------------------------------------------
      3  0000 ????						; Usage: TIMER_SETUP lines
      4  0000 ????						; where lines is the number of scanlines to skip (> 2).
      5  0000 ????						; The timer will be set so that it expires before this number
      6  0000 ????						; of scanlines. A WSYNC will be done first.
      7  0000 ????
      8  0000 ????				      MAC	timer_setup
      9  0000 ????			   .lines     SET	{1}
     10  0000 ????			   .cycles    SET	((.lines * 76) - 13)
     11  0000 ????						; special case for when we have two timer events in a line
     12  0000 ????						; and our 2nd event straddles the WSYNC boundary
     13  0000 ????				      if	(.cycles % 64) < 12
     14  0000 ????				      lda	#(.cycles / 64) - 1
     15  0000 ????				      sta	WSYNC
     16  0000 ????				      else
     17  0000 ????				      lda	#(.cycles / 64)
     18  0000 ????				      sta	WSYNC
     19  0000 ????				      endif
     20  0000 ????				      sta	TIM64T
     21  0000 ????				      ENDM
     22  0000 ????
     23  0000 ????						;-------------------------------------------------------
     24  0000 ????						; Use with TIMER_SETUP to wait for timer to complete.
     25  0000 ????						; Performs a WSYNC afterwards.
     26  0000 ????
     27  0000 ????				      MAC	timer_wait
     28  0000 ????			   .waittimer
     29  0000 ????				      lda	INTIM
     30  0000 ????				      bne	.waittimer
     31  0000 ????				      sta	WSYNC
     32  0000 ????				      ENDM
------- FILE helloworld3.asm
      6  0000 ????
      7  0000 ????						;;;;;;;;;;;;;;;;;;;;;;;;;;;;;;;;;;;;;;;;;;;;;;;;;;;;;;;;;;;;;;;
      8  0000 ????						;;;;;;;;;;;;;;;;;;;;;;;;;;;;;;;;;;;;;;;;;;;;;;;;;;;;;;;;;;;;;;;
      9  0000 ????						; Constants segment
     10  0000 ????						;;;;;;;;;;;;;;;;;;;;;;;;;;;;;;;;;;;;;;;;;;;;;;;;;;;;;;;;;;;;;;;
     11  0000 ????						;;;;;;;;;;;;;;;;;;;;;;;;;;;;;;;;;;;;;;;;;;;;;;;;;;;;;;;;;;;;;;;
     12  0000 ????
     13  0000 ????
     14  0000 ????
     15  0000 ????						;;;;;;;;;;;;;;;;;;;;;;;;;;;;;;;;;;;;;;;;;;;;;;;;;;;;;;;;;;;;;;;
     16  0000 ????						;;;;;;;;;;;;;;;;;;;;;;;;;;;;;;;;;;;;;;;;;;;;;;;;;;;;;;;;;;;;;;;
     17  0000 ????						; Variables segment
     18  0000 ????						;;;;;;;;;;;;;;;;;;;;;;;;;;;;;;;;;;;;;;;;;;;;;;;;;;;;;;;;;;;;;;;
     19  0000 ????						;;;;;;;;;;;;;;;;;;;;;;;;;;;;;;;;;;;;;;;;;;;;;;;;;;;;;;;;;;;;;;;
     20  0000 ????
     21 U0080 ????				      seg.u	Variables
     22 U0080					      org	$80
     23 U0080
     24 U0080
     25 U0080
     26 U0080							;;;;;;;;;;;;;;;;;;;;;;;;;;;;;;;;;;;;;;;;;;;;;;;;;;;;;;;;;;;;;;;
     27 U0080							;;;;;;;;;;;;;;;;;;;;;;;;;;;;;;;;;;;;;;;;;;;;;;;;;;;;;;;;;;;;;;;
     28 U0080							; Code segment
     29 U0080							;;;;;;;;;;;;;;;;;;;;;;;;;;;;;;;;;;;;;;;;;;;;;;;;;;;;;;;;;;;;;;;
     30 U0080							;;;;;;;;;;;;;;;;;;;;;;;;;;;;;;;;;;;;;;;;;;;;;;;;;;;;;;;;;;;;;;;
     31 U0080
     32  10000 ????				       seg	Code
     33  f000					      org	$f000
     34  f000
     35  f000				   Start
      0  f000					      CLEAN_START
      1  f000		       78		      sei
      2  f001		       d8		      cld
      3  f002
      4  f002		       a2 00		      ldx	#0
      5  f004		       8a		      txa
      6  f005		       a8		      tay
      7  f006		       ca	   .CLEAR_STACK dex
      8  f007		       9a		      txs
      9  f008		       48		      pha
     10  f009		       d0 fb		      bne	.CLEAR_STACK
     11  f00b
     37  f00b
     38  f00b							;;;;;;;;;;;;;;;;;;;;;;;;;;;;;;;;;;;;;;;;;;;;;;;;;;;;;;;;;;;;;;;
     39  f00b							;;;;;;;;;;;;;;;;;;;;;;;;;;;;;;;;;;;;;;;;;;;;;;;;;;;;;;;;;;;;;;;
     40  f00b							; Startup code
     41  f00b							;;;;;;;;;;;;;;;;;;;;;;;;;;;;;;;;;;;;;;;;;;;;;;;;;;;;;;;;;;;;;;;
     42  f00b							;;;;;;;;;;;;;;;;;;;;;;;;;;;;;;;;;;;;;;;;;;;;;;;;;;;;;;;;;;;;;;;
     43  f00b
     44  f00b				   NextFrame
     45  f00b
     46  f00b							; 1 + 3 lines of VSYNC
      0  f00b					      VERTICAL_SYNC
      1  f00b		       a9 0e		      lda	#%1110
      2  f00d		       85 02	   .VSLP1     sta	WSYNC
      3  f00f		       85 00		      sta	VSYNC
      4  f011		       4a		      lsr
      5  f012		       d0 f9		      bne	.VSLP1
     48  f014
     49  f014							;;;;;;;;;;;;;;;;;;;;;;;;;;;;;;;;;;;;;;;;;;;;;;;;;;;;;;;;;;;;;;;
     50  f014							;;;;;;;;;;;;;;;;;;;;;;;;;;;;;;;;;;;;;;;;;;;;;;;;;;;;;;;;;;;;;;;
     51  f014							; 35 lines of underscan
     52  f014							;;;;;;;;;;;;;;;;;;;;;;;;;;;;;;;;;;;;;;;;;;;;;;;;;;;;;;;;;;;;;;;
     53  f014							;;;;;;;;;;;;;;;;;;;;;;;;;;;;;;;;;;;;;;;;;;;;;;;;;;;;;;;;;;;;;;;
     54  f014
      0  f014					      TIMER_SETUP	35
      1  f014				   .lines     SET	35
      2  f014				   .cycles    SET	((.lines * 76) - 13)
      3  f014
      4  f014
      5  f014				  -	      if	(.cycles % 64) < 12
      6  f014				  -	      lda	#(.cycles / 64) - 1
      7  f014				  -	      sta	WSYNC
      8  f014					      else
      9  f014		       a9 29		      lda	#(.cycles / 64)
     10  f016		       85 02		      sta	WSYNC
     11  f018					      endif
     12  f018		       8d 96 02 	      sta	TIM64T
     56  f01b
     57  f01b		       a9 c0		      lda	#192
     58  f01d		       85 08		      sta	COLUPF
     59  f01f
      0  f01f					      TIMER_WAIT
      1  f01f				   .waittimer
      2  f01f		       ad 84 02 	      lda	INTIM
      3  f022		       d0 fb		      bne	.waittimer
      4  f024		       85 02		      sta	WSYNC
     61  f026
     62  f026							;;;;;;;;;;;;;;;;;;;;;;;;;;;;;;;;;;;;;;;;;;;;;;;;;;;;;;;;;;;;;;;
     63  f026							;;;;;;;;;;;;;;;;;;;;;;;;;;;;;;;;;;;;;;;;;;;;;;;;;;;;;;;;;;;;;;;
     64  f026							; 192 lines of frame
     65  f026							;;;;;;;;;;;;;;;;;;;;;;;;;;;;;;;;;;;;;;;;;;;;;;;;;;;;;;;;;;;;;;;
     66  f026							;;;;;;;;;;;;;;;;;;;;;;;;;;;;;;;;;;;;;;;;;;;;;;;;;;;;;;;;;;;;;;;
     67  f026
     68  f026				   LinesOfFrame
     69  f026
     70  f026		       a0 c0		      ldy	#192
     71  f028		       a2 c0		      ldx	#192
     72  f02a
     73  f02a				   LVScan
     74  f02a		       85 02		      sta	WSYNC
     75  f02c		       b9 71 f0 	      lda	wowMuchHelloBitmap0,Y
     76  f02f		       85 0d		      sta	PF0
     77  f031		       b9 32 f1 	      lda	wowMuchHelloBitmap1,Y
     78  f034		       85 0e		      sta	PF1
     79  f036		       b9 f3 f1 	      lda	wowMuchHelloBitmap2,Y
     80  f039		       85 0f		      sta	PF2
     81  f03b		       ea		      nop
     82  f03c		       ea		      nop
     83  f03d		       ea		      nop
     84  f03e		       b9 b4 f2 	      lda	wowMuchHelloBitmap3,Y
     85  f041		       85 0d		      sta	PF0
     86  f043		       b9 75 f3 	      lda	wowMuchHelloBitmap4,Y
     87  f046		       85 0e		      sta	PF1
     88  f048		       b9 36 f4 	      lda	wowMuchHelloBitmap5,Y
     89  f04b		       85 0f		      sta	PF2
     90  f04d
     91  f04d		       ca		      dex
     92  f04e		       8a		      txa
     93  f04f		       29 03		      and	#$03
     94  f051		       d0 01		      bne	notDivisible_by_4
     95  f053
     96  f053		       88		      dey
     97  f054
     98  f054				   notDivisible_by_4
     99  f054		       e0 00		      cpx	#0	;sets the Z flag based on X
    100  f056		       d0 d2		      bne	LVScan
    101  f058
    102  f058							;;;;;;;;;;;;;;;;;;;;;;;;;;;;;;;;;;;;;;;;;;;;;;;;;;;;;;;;;;;;;;;
    103  f058							;;;;;;;;;;;;;;;;;;;;;;;;;;;;;;;;;;;;;;;;;;;;;;;;;;;;;;;;;;;;;;;
    104  f058							; 29 lines of overscan
    105  f058							;;;;;;;;;;;;;;;;;;;;;;;;;;;;;;;;;;;;;;;;;;;;;;;;;;;;;;;;;;;;;;;
    106  f058							;;;;;;;;;;;;;;;;;;;;;;;;;;;;;;;;;;;;;;;;;;;;;;;;;;;;;;;;;;;;;;;
    107  f058
    108  f058				   OverScan
      0  f058					      TIMER_SETUP	29
      1  f058				   .lines     SET	29
      2  f058				   .cycles    SET	((.lines * 76) - 13)
      3  f058
      4  f058
      5  f058				  -	      if	(.cycles % 64) < 12
      6  f058				  -	      lda	#(.cycles / 64) - 1
      7  f058				  -	      sta	WSYNC
      8  f058					      else
      9  f058		       a9 22		      lda	#(.cycles / 64)
     10  f05a		       85 02		      sta	WSYNC
     11  f05c					      endif
     12  f05c		       8d 96 02 	      sta	TIM64T
    110  f05f
    111  f05f		       a9 00		      lda	#0
    112  f061		       85 0d		      sta	PF0
    113  f063		       85 0e		      sta	PF1
    114  f065		       85 0f		      sta	PF2
    115  f067
      0  f067					      TIMER_WAIT
      1  f067				   .waittimer
      2  f067		       ad 84 02 	      lda	INTIM
      3  f06a		       d0 fb		      bne	.waittimer
      4  f06c		       85 02		      sta	WSYNC
    117  f06e
    118  f06e							; total = 262 lines, go to next frame
    119  f06e		       4c 0b f0 	      jmp	NextFrame
    120  f071
------- FILE wowMuchHelloData.asm LEVEL 2 PASS 2
      0  f071					      include	"wowMuchHelloData.asm"
      1  f071							; Tile map: wowMuchHello
      2  f071							; Generated by Atari Tile Editor
      3  f071
      4  f071				   wowMuchHelloBitmap0
      5  f071		       00		      hex	00
      6  f072		       00 00 00 00*	      hex	00000000000000000000000000000000
      7  f082		       00 00 00 00*	      hex	00000000000000000000000000000000
      8  f092		       00 00 00 00*	      hex	00000000000000000000000000000000
      9  f0a2		       00 00 00 00*	      hex	00000000000000000000000000000000
     10  f0b2		       00 00 00 00*	      hex	00000000000000000000000000000000
     11  f0c2		       00 00 00 00*	      hex	00000000000000000000000000000000
     12  f0d2		       00 00 00 00*	      hex	00000000000000000000000000000000
     13  f0e2		       00 00 00 00*	      hex	00000000000000000000000000000000
     14  f0f2		       00 00 00 00*	      hex	00000000000000000000000000000000
     15  f102		       00 00 00 00*	      hex	00000000000000000000000000000000
     16  f112		       80 80 80 00*	      hex	80808000000000000000000000000000
     17  f122		       00 00 00 00*	      hex	00000000000000100010001000100050
     18  f132
     19  f132				   wowMuchHelloBitmap1
     20  f132		       00		      hex	00
     21  f133		       00 00 00 00*	      hex	00000000000000000000000000000000
     22  f143		       00 00 00 00*	      hex	00000000000000000000000000000000
     23  f153		       00 00 00 00*	      hex	00000000000000000000000000000000
     24  f163		       00 00 00 00*	      hex	00000000000000000000000000000000
     25  f173		       00 00 00 00*	      hex	00000000000000000000000000000000
     26  f183		       00 00 00 00*	      hex	00000000000000000000000000000000
     27  f193		       00 00 00 00*	      hex	00000000000000000000000000000000
     28  f1a3		       00 00 00 00*	      hex	00000000000000000000000000000000
     29  f1b3		       00 00 00 00*	      hex	00000000000000000000000000000000
     30  f1c3		       00 00 00 00*	      hex	00000000000008141454d440d4b222a2
     31  f1d3		       22 02 00 00*	      hex	22020000000000000000000002222460
     32  f1e3		       44 40 44 40*	      hex	44404440740e840084808488000000a8
     33  f1f3
     34  f1f3				   wowMuchHelloBitmap2
     35  f1f3		       00		      hex	00
     36  f1f4		       00 00 00 00*	      hex	00000000000000000000000000000000
     37  f204		       00 00 00 00*	      hex	00000000000000000000000000000000
     38  f214		       00 00 00 00*	      hex	00000000000000000000000000000000
     39  f224		       00 00 00 00*	      hex	00000000000000000000000000000000
     40  f234		       00 00 00 00*	      hex	00000000000000000000000000000000
     41  f244		       00 00 00 00*	      hex	00000000000000000000000000000000
     42  f254		       00 00 00 00*	      hex	00000000000000000000000000000000
     43  f264		       00 00 00 00*	      hex	00000000000000000000000000000000
     44  f274		       00 00 00 00*	      hex	00000000000000000000000000000000
     45  f284		       00 00 00 00*	      hex	000000000000008e9a91b181a2b21c00
     46  f294		       00 00 00 00*	      hex	000000000000000000000000808e1a91
     47  f2a4		       80 01 87 05*	      hex	80018705068a04804040404000000000
     48  f2b4
     49  f2b4				   wowMuchHelloBitmap3
     50  f2b4		       00		      hex	00
     51  f2b5		       00 00 00 00*	      hex	00000000000000000000000000000000
     52  f2c5		       00 00 00 00*	      hex	00000000000000000000000000000000
     53  f2d5		       00 00 00 00*	      hex	00000000000000000000000000000000
     54  f2e5		       00 00 00 00*	      hex	00000000000000000000000000000000
     55  f2f5		       00 00 00 00*	      hex	00000000000000000000000000000000
     56  f305		       00 00 00 00*	      hex	00000000000000000000000000000000
     57  f315		       00 00 00 00*	      hex	00000000000000000000000000000000
     58  f325		       00 00 00 00*	      hex	00000000000000000000000000000000
     59  f335		       00 00 00 00*	      hex	00000000000000000000000000000000
     60  f345		       00 00 00 00*	      hex	00000000000000000000000000001030
     61  f355		       30 00 00 00*	      hex	30000000000000000000000080804040
     62  f365		       40 00 40 40*	      hex	40004040004040200020101000000000
     63  f375
     64  f375				   wowMuchHelloBitmap4
     65  f375		       00		      hex	00
     66  f376		       00 00 00 00*	      hex	00000000000000000000000000000000
     67  f386		       00 00 00 00*	      hex	00000000000000000000000000000000
     68  f396		       00 00 00 00*	      hex	00000000000000000000000000000000
     69  f3a6		       00 00 00 00*	      hex	00000000000000000000000000000000
     70  f3b6		       00 00 00 00*	      hex	00000000000000000000000000000000
     71  f3c6		       00 00 00 00*	      hex	00000000000000000000000000000000
     72  f3d6		       00 00 00 00*	      hex	00000000000000000000000000000000
     73  f3e6		       00 00 00 00*	      hex	00000000000000000000000000000000
     74  f3f6		       00 00 00 00*	      hex	00000000000000000000000000000000
     75  f406		       01 00 00 00*	      hex	010000000000000000004f4949094547
     76  f416		       00 40 40 00*	      hex	00404000404040000000000000000000
     77  f426		       30 50 40 48*	      hex	30504048084808283830000000000000
     78  f436
     79  f436				   wowMuchHelloBitmap5
     80  f436		       00		      hex	00
     81  f437		       00 00 00 00*	      hex	00000000000000000000000000000000
     82  f447		       00 00 00 00*	      hex	00000000000000000000000000000000
     83  f457		       00 00 00 00*	      hex	00000000000000000000000000000000
     84  f467		       00 00 00 00*	      hex	00000000000000000000000000000000
     85  f477		       00 00 00 00*	      hex	00000000000000000000000000000000
     86  f487		       00 00 00 00*	      hex	00000000000000000000000000000000
     87  f497		       00 00 00 00*	      hex	00000000000000000000000000000000
     88  f4a7		       00 00 00 00*	      hex	00000000000000000000000000000000
     89  f4b7		       00 00 00 00*	      hex	00000000000000000000000000000000
     90  f4c7		       aa 00 88 08*	      hex	aa008808800080008808080109000800
     91  f4d7		       28 01 28 01*	      hex	28012801090901190018000808000808
     92  f4e7		       08 08 00 00*	      hex	08080000000000000000000000000000
------- FILE helloworld3.asm
    122  f4f7
    123  f4f7							;;;;;;;;;;;;;;;;;;;;;;;;;;;;;;;;;;;;;;;;;;;;;;;;;;;;;;;;;;;;;;;
    124  f4f7							;;;;;;;;;;;;;;;;;;;;;;;;;;;;;;;;;;;;;;;;;;;;;;;;;;;;;;;;;;;;;;;
    125  f4f7							; Epilogue
    126  f4f7							;;;;;;;;;;;;;;;;;;;;;;;;;;;;;;;;;;;;;;;;;;;;;;;;;;;;;;;;;;;;;;;
    127  f4f7							;;;;;;;;;;;;;;;;;;;;;;;;;;;;;;;;;;;;;;;;;;;;;;;;;;;;;;;;;;;;;;;
    128  f4f7
    129  fffc					      org	$fffc
    130  fffc		       00 f0		      .word.w	Start	;reset vector
    131  fffe		       00 f0		      .word.w	Start	;BRK vector
